<?xml version="1.0" encoding="UTF-8"?>
<!-- Generated by org.testng.reporters.JUnitXMLReporter -->
<testsuite hostname="Gunu-PC" ignored="0" name="Assertion Test" tests="5" failures="1" timestamp="26 Feb 2017 18:24:51 GMT" time="0.038" errors="0">
  <testcase name="testLogin" time="0.0" classname="test.LoginTest"/>
  <testcase name="testLogin2" time="0.0" classname="test.LoginTest">
    <failure type="java.lang.AssertionError" message="1 :A not greater than B: 4 expected [true] but found [false]">
      <![CDATA[java.lang.AssertionError: 1 :A not greater than B: 4 expected [true] but found [false]
	at test.LoginTest.testLogin2(LoginTest.java:26)
... Removed 28 stack frames]]>
    </failure>
  </testcase> <!-- testLogin2 -->
  <testcase name="testLogin2" time="0.0" classname="test.LoginTest"/>
  <testcase name="testLogin2" time="0.0" classname="test.LoginTest"/>
  <testcase name="testLogin3" time="0.0" classname="test.LoginTest">
    <skipped/>
  </testcase> <!-- testLogin3 -->
</testsuite> <!-- Assertion Test -->
