<?xml version="1.0" encoding="UTF-8"?>
<!-- Generated by org.testng.reporters.JUnitXMLReporter -->
<testsuite hostname="Gunu-PC" ignored="0" name="Sample Test" tests="3" failures="0" timestamp="26 Feb 2017 18:24:51 GMT" time="0.037" errors="0">
  <testcase name="checkProductAvailability" time="0.015" classname="test.SampleTest"/>
  <testcase name="testSellingProduct" time="0.0" classname="test.SampleTest"/>
  <testcase name="emptyCart" time="0.0" classname="test.SampleTest"/>
</testsuite> <!-- Sample Test -->
