<?xml version="1.0" encoding="UTF-8"?>
<!-- Generated by org.testng.reporters.JUnitXMLReporter -->
<testsuite hostname="Gunu-PC" ignored="0" name="Test" tests="11" failures="1" timestamp="13 Jun 2019 20:37:37 GMT" time="7.387" errors="0">
  <testcase name="d_method" time="0.005" classname="testNGTutorial.TestNGTutorial"/>
  <testcase name="e_method" time="0.004" classname="testNGTutorial.TestNGTutorial">
    <failure type="java.lang.AssertionError" message="expected [true] but found [false]">
      <![CDATA[java.lang.AssertionError: expected [true] but found [false]
	at testNGTutorial.TestNGTutorial.e_method(TestNGTutorial.java:62)
... Removed 29 stack frames]]>
    </failure>
  </testcase> <!-- e_method -->
  <testcase name="g_method" time="0.001" classname="testNGTutorial.TestNGTutorial"/>
  <testcase name="g_method" time="0.002" classname="testNGTutorial.TestNGTutorial"/>
  <testcase name="g_method" time="0.0" classname="testNGTutorial.TestNGTutorial"/>
  <testcase name="b_method" time="0.002" classname="testNGTutorial.TestNGTutorial"/>
  <testcase name="c_method" time="0.0" classname="testNGTutorial.TestNGTutorial"/>
  <testcase name="i_method" time="2.59" classname="testNGTutorial.TestNGTutorial"/>
  <testcase name="f_method" time="0.0" classname="testNGTutorial.TestNGTutorial">
    <skipped/>
  </testcase> <!-- f_method -->
  <testcase name="a_method" time="0.001" classname="testNGTutorial.TestNGTutorial"/>
  <testcase name="parameters_method" time="0.876" classname="testNGTutorial.TestNGTutorial"/>
</testsuite> <!-- Test -->
